<?xml version="1.0" encoding="UTF-8"?>
<!-- Generated by org.testng.reporters.JUnitXMLReporter -->
<testsuite ignored="0" hostname="DESKTOP-RE1LIDM" failures="1" tests="6" name="Test" time="0.102" errors="0" timestamp="2021-05-24T19:46:41 IST">
  <testcase classname="com.qa.test.testNGSession" name="HomePage_Carousel_TestCase003" time="0.017"/>
  <testcase classname="com.qa.test.testNGSession" name="HomePage_Header_TestCase001" time="0.001"/>
  <testcase classname="com.qa.test.testNGSession" name="HomePage_Header_TestCase002" time="0.004"/>
  <testcase classname="com.qa.test.testNGSession" name="HomePage_Search_TestCase004" time="0.002"/>
  <testcase classname="com.qa.test.testNGExample" name="Search_ResultPage_TestCase001" time="0.002"/>
  <testcase classname="com.qa.newtest.FlipkartHomePage" name="FlipKart_HomePage_TestCase001" time="0.005">
    <failure type="java.lang.AssertionError" message="expected [14] but found [12]">
      <![CDATA[java.lang.AssertionError: expected [14] but found [12]
at com.qa.newtest.FlipkartHomePage.FlipKart_HomePage_TestCase001(FlipkartHomePage.java:16)
at java.base/java.util.ArrayList.forEach(ArrayList.java:1511)
... Removed 33 stack frames]]>
    </failure>
  </testcase> <!-- FlipKart_HomePage_TestCase001 -->
</testsuite> <!-- Test -->
